<?xml version="1.0" encoding="UTF-8"?>
<testsuite xmlns:xsi="http://www.w3.org/2001/XMLSchema-instance" xsi:noNamespaceSchemaLocation="https://maven.apache.org/surefire/maven-surefire-plugin/xsd/surefire-test-report-3.0.xsd" version="3.0" name="com.acme.basic.HelloWorldTest" time="0.035" tests="1" errors="0" skipped="0" failures="0">
  <properties>
    <property name="sonar.projectName" value="Pork-U-Pine"/>
    <property name="java.specification.version" value="17"/>
    <property name="sonar.host.url" value="https://ke100.ngrok.io"/>
    <property name="sun.jnu.encoding" value="UTF-8"/>
    <property name="java.class.path" value="/Users/keith.everitt/Documents/Projects/sonar-scanning-examples/sonarqube-scanner-maven/maven-basic newCode/target/test-classes:/Users/keith.everitt/Documents/Projects/sonar-scanning-examples/sonarqube-scanner-maven/maven-basic newCode/target/classes:/Users/keith.everitt/.m2/repository/com/google/guava/guava/29.0-jre/guava-29.0-jre.jar:/Users/keith.everitt/.m2/repository/com/google/guava/failureaccess/1.0.1/failureaccess-1.0.1.jar:/Users/keith.everitt/.m2/repository/com/google/guava/listenablefuture/9999.0-empty-to-avoid-conflict-with-guava/listenablefuture-9999.0-empty-to-avoid-conflict-with-guava.jar:/Users/keith.everitt/.m2/repository/com/google/code/findbugs/jsr305/3.0.2/jsr305-3.0.2.jar:/Users/keith.everitt/.m2/repository/org/checkerframework/checker-qual/2.11.1/checker-qual-2.11.1.jar:/Users/keith.everitt/.m2/repository/com/google/errorprone/error_prone_annotations/2.3.4/error_prone_annotations-2.3.4.jar:/Users/keith.everitt/.m2/repository/com/google/j2objc/j2objc-annotations/1.3/j2objc-annotations-1.3.jar:/Users/keith.everitt/.m2/repository/junit/junit/4.13.1/junit-4.13.1.jar:/Users/keith.everitt/.m2/repository/org/hamcrest/hamcrest-core/1.3/hamcrest-core-1.3.jar:"/>
    <property name="java.vm.vendor" value="Oracle Corporation"/>
    <property name="sun.arch.data.model" value="64"/>
    <property name="java.vendor.url" value="https://java.oracle.com/"/>
    <property name="os.name" value="Mac OS X"/>
    <property name="java.vm.specification.version" value="17"/>
    <property name="sun.java.launcher" value="SUN_STANDARD"/>
    <property name="user.country" value="US"/>
    <property name="sun.boot.library.path" value="/Library/Java/JavaVirtualMachines/jdk-17.0.2.jdk/Contents/Home/lib"/>
    <property name="sun.java.command" value="/Users/keith.everitt/Documents/Projects/sonar-scanning-examples/sonarqube-scanner-maven/maven-basic newCode/target/surefire/surefirebooter-20241104092313547_3.jar /Users/keith.everitt/Documents/Projects/sonar-scanning-examples/sonarqube-scanner-maven/maven-basic newCode/target/surefire 2024-11-04T09-23-13_496-jvmRun1 surefire-20241104092313547_1tmp surefire_0-20241104092313547_2tmp"/>
    <property name="jdk.debug" value="release"/>
    <property name="surefire.test.class.path" value="/Users/keith.everitt/Documents/Projects/sonar-scanning-examples/sonarqube-scanner-maven/maven-basic newCode/target/test-classes:/Users/keith.everitt/Documents/Projects/sonar-scanning-examples/sonarqube-scanner-maven/maven-basic newCode/target/classes:/Users/keith.everitt/.m2/repository/com/google/guava/guava/29.0-jre/guava-29.0-jre.jar:/Users/keith.everitt/.m2/repository/com/google/guava/failureaccess/1.0.1/failureaccess-1.0.1.jar:/Users/keith.everitt/.m2/repository/com/google/guava/listenablefuture/9999.0-empty-to-avoid-conflict-with-guava/listenablefuture-9999.0-empty-to-avoid-conflict-with-guava.jar:/Users/keith.everitt/.m2/repository/com/google/code/findbugs/jsr305/3.0.2/jsr305-3.0.2.jar:/Users/keith.everitt/.m2/repository/org/checkerframework/checker-qual/2.11.1/checker-qual-2.11.1.jar:/Users/keith.everitt/.m2/repository/com/google/errorprone/error_prone_annotations/2.3.4/error_prone_annotations-2.3.4.jar:/Users/keith.everitt/.m2/repository/com/google/j2objc/j2objc-annotations/1.3/j2objc-annotations-1.3.jar:/Users/keith.everitt/.m2/repository/junit/junit/4.13.1/junit-4.13.1.jar:/Users/keith.everitt/.m2/repository/org/hamcrest/hamcrest-core/1.3/hamcrest-core-1.3.jar:"/>
    <property name="sun.cpu.endian" value="little"/>
    <property name="user.home" value="/Users/keith.everitt"/>
    <property name="user.language" value="en"/>
    <property name="java.specification.vendor" value="Oracle Corporation"/>
    <property name="java.version.date" value="2022-01-18"/>
    <property name="java.home" value="/Library/Java/JavaVirtualMachines/jdk-17.0.2.jdk/Contents/Home"/>
    <property name="file.separator" value="/"/>
    <property name="basedir" value="/Users/keith.everitt/Documents/Projects/sonar-scanning-examples/sonarqube-scanner-maven/maven-basic newCode"/>
    <property name="java.vm.compressedOopsMode" value="Zero based"/>
    <property name="line.separator" value="&#10;"/>
    <property name="java.specification.name" value="Java Platform API Specification"/>
    <property name="java.vm.specification.vendor" value="Oracle Corporation"/>
    <property name="surefire.real.class.path" value="/Users/keith.everitt/Documents/Projects/sonar-scanning-examples/sonarqube-scanner-maven/maven-basic newCode/target/surefire/surefirebooter-20241104092313547_3.jar"/>
    <property name="sun.management.compiler" value="HotSpot 64-Bit Tiered Compilers"/>
    <property name="java.runtime.version" value="17.0.2+8-86"/>
    <property name="user.name" value="keith.everitt"/>
    <property name="path.separator" value=":"/>
    <property name="os.version" value="14.7.1"/>
    <property name="java.runtime.name" value="OpenJDK Runtime Environment"/>
    <property name="file.encoding" value="UTF-8"/>
    <property name="java.vm.name" value="OpenJDK 64-Bit Server VM"/>
    <property name="localRepository" value="/Users/keith.everitt/.m2/repository"/>
    <property name="java.vendor.url.bug" value="https://bugreport.java.com/bugreport/"/>
    <property name="java.io.tmpdir" value="/var/folders/qt/ns54v4kn2sd9x969j5qgc7lr0000gq/T/"/>
    <property name="sonar.token" value="sqa_866f56c682934bc0e4f159277add9b4f9f079f81"/>
    <property name="java.version" value="17.0.2"/>
    <property name="user.dir" value="/Users/keith.everitt/Documents/Projects/sonar-scanning-examples/sonarqube-scanner-maven/maven-basic newCode"/>
    <property name="os.arch" value="aarch64"/>
    <property name="java.vm.specification.name" value="Java Virtual Machine Specification"/>
    <property name="native.encoding" value="UTF-8"/>
    <property name="sonar.projectKey" value="porcupine"/>
    <property name="java.library.path" value="/Users/keith.everitt/Library/Java/Extensions:/Library/Java/Extensions:/Network/Library/Java/Extensions:/System/Library/Java/Extensions:/usr/lib/java:."/>
    <property name="java.vm.info" value="mixed mode, sharing"/>
    <property name="java.vendor" value="Oracle Corporation"/>
    <property name="java.vm.version" value="17.0.2+8-86"/>
    <property name="sun.io.unicode.encoding" value="UnicodeBig"/>
    <property name="java.class.version" value="61.0"/>
    <property name="sonar.branch.name" value="devBranch"/>
  </properties>
  <testcase name="sayHello" classname="com.acme.basic.HelloWorldTest" time="0.007">
    <system-out><![CDATA[Hello World!
]]></system-out>
  </testcase>
</testsuite>